<?xml version="1.0" encoding="UTF-8"?>
<testng-results ignored="0" total="1" passed="1" failed="0" skipped="0">
  <reporter-output>
  </reporter-output>
  <suite started-at="2024-11-06T17:42:31 IST" name="Default suite" finished-at="2024-11-06T17:42:45 IST" duration-ms="14019">
    <groups>
    </groups>
    <test started-at="2024-11-06T17:42:31 IST" name="Default test" finished-at="2024-11-06T17:42:45 IST" duration-ms="14019">
      <class name="airPortGap.airPortTest">
        <test-method signature="airPortAPI()[pri:0, instance:airPortGap.airPortTest@74ea2410]" started-at="2024-11-06T17:42:31 IST" name="airPortAPI" finished-at="2024-11-06T17:42:45 IST" duration-ms="13924" status="PASS">
          <reporter-output>
          </reporter-output>
        </test-method> <!-- airPortAPI -->
      </class> <!-- airPortGap.airPortTest -->
    </test> <!-- Default test -->
  </suite> <!-- Default suite -->
</testng-results>
